SLURM_JOBID=1753010
SLURM_JOB_NODELIST=cpn-k08-34-[01-02]
SLURM_NNODES=2
SLURMTMPDIR=/scratch/1753010
SLURM_SUBMIT_DIR=/user/priyeshs/mpi-sieves-prime
 Intel-MPI is in your path. This is adequate for compiling and running most
codes. Source the
/util/academic/intel/18.3/compilers_and_libraries_2018.3.222/linux/mpi/intel64/bin/mpivars.sh
file for more features. 

Currently Loaded Modules:
  1) intel/18.3   2) intel-mpi/2018.3

 

***********************************************************************
test GNU compilers
/usr/bin/gcc
Using built-in specs.
COLLECT_GCC=gcc
COLLECT_LTO_WRAPPER=/usr/libexec/gcc/x86_64-redhat-linux/4.8.5/lto-wrapper
Target: x86_64-redhat-linux
Configured with: ../configure --prefix=/usr --mandir=/usr/share/man --infodir=/usr/share/info --with-bugurl=http://bugzilla.redhat.com/bugzilla --enable-bootstrap --enable-shared --enable-threads=posix --enable-checking=release --with-system-zlib --enable-__cxa_atexit --disable-libunwind-exceptions --enable-gnu-unique-object --enable-linker-build-id --with-linker-hash-style=gnu --enable-languages=c,c++,objc,obj-c++,java,fortran,ada,go,lto --enable-plugin --enable-initfini-array --disable-libgcj --with-isl=/builddir/build/BUILD/gcc-4.8.5-20150702/obj-x86_64-redhat-linux/isl-install --with-cloog=/builddir/build/BUILD/gcc-4.8.5-20150702/obj-x86_64-redhat-linux/cloog-install --enable-gnu-indirect-function --with-tune=generic --with-arch_32=x86-64 --build=x86_64-redhat-linux
Thread model: posix
gcc version 4.8.5 20150623 (Red Hat 4.8.5-39) (GCC) 
/util/academic/intel/18.3/compilers_and_libraries_2018.3.222/linux/mpi/intel64/bin/mpicc
Launch parallel prime gcc
[-1] MPI startup(): Imported environment partly inaccesible. Map=0 Info=7d89d0
[-1] MPI startup(): Imported environment partly inaccesible. Map=0 Info=19a99d0
[0] MPI startup(): Multi-threaded optimized library
[1] MPI startup(): tmi data transfer mode
[0] MPI startup(): tmi data transfer mode
[0] MPI startup(): Rank    Pid      Node name                           Pin cpu
[0] MPI startup(): 0       18072    cpn-k08-34-01.cbls.ccr.buffalo.edu  +1
[0] MPI startup(): 1       30698    cpn-k08-34-02.cbls.ccr.buffalo.edu  +1
calculated by 0 of 2 on node cpn-k08-34-01.cbls.ccr.buffalo.edu
 next=2Time for serial execution = -1583156865.631541 seconds
calculated by 1 of 2 on node cpn-k08-34-02.cbls.ccr.buffalo.edu
 next=2Time for serial execution = -1583156865.631121 seconds
***********************************************************************
All Done!
