SLURM_JOBID=1756246
SLURM_JOB_NODELIST=cpn-k08-34-01
SLURM_NNODES=1
SLURMTMPDIR=/scratch/1756246
SLURM_SUBMIT_DIR=/user/priyeshs/mpi-sieves-prime
 Intel-MPI is in your path. This is adequate for compiling and running most
codes. Source the
/util/academic/intel/18.3/compilers_and_libraries_2018.3.222/linux/mpi/intel64/bin/mpivars.sh
file for more features. 

Currently Loaded Modules:
  1) intel-mpi/2018.3

 

***********************************************************************
test GNU compilers
/usr/bin/gcc
Using built-in specs.
COLLECT_GCC=gcc
COLLECT_LTO_WRAPPER=/usr/libexec/gcc/x86_64-redhat-linux/4.8.5/lto-wrapper
Target: x86_64-redhat-linux
Configured with: ../configure --prefix=/usr --mandir=/usr/share/man --infodir=/usr/share/info --with-bugurl=http://bugzilla.redhat.com/bugzilla --enable-bootstrap --enable-shared --enable-threads=posix --enable-checking=release --with-system-zlib --enable-__cxa_atexit --disable-libunwind-exceptions --enable-gnu-unique-object --enable-linker-build-id --with-linker-hash-style=gnu --enable-languages=c,c++,objc,obj-c++,java,fortran,ada,go,lto --enable-plugin --enable-initfini-array --disable-libgcj --with-isl=/builddir/build/BUILD/gcc-4.8.5-20150702/obj-x86_64-redhat-linux/isl-install --with-cloog=/builddir/build/BUILD/gcc-4.8.5-20150702/obj-x86_64-redhat-linux/cloog-install --enable-gnu-indirect-function --with-tune=generic --with-arch_32=x86-64 --build=x86_64-redhat-linux
Thread model: posix
gcc version 4.8.5 20150623 (Red Hat 4.8.5-39) (GCC) 
/util/academic/intel/18.3/compilers_and_libraries_2018.3.222/linux/mpi/intel64/bin/mpicc
Launch helloworld test gcc
[-1] MPI startup(): Imported environment partly inaccesible. Map=0 Info=1da59d0
[0] MPI startup(): Multi-threaded optimized library
[0] MPI startup(): shm data transfer mode
[0] MPI startup(): Rank    Pid      Node name                           Pin cpu
[0] MPI startup(): 0       8706     cpn-k08-34-01.cbls.ccr.buffalo.edu  +1
calculated by 0 of 1 on node,cpn-k08-34-01.cbls.ccr.buffalo.edu
100,0.000001
1000,0.000012
10000,0.000100
100000,0.001308
1000000,0.019276
10000000,0.397668
100000000,6.531627
***********************************************************************
***********************************************************************
***********************************************************************
All Done!
